This is XeTeX, Version 3.141592653-2.6-0.999993 (MiKTeX 21.6) (preloaded format=xelatex 2021.6.14)  15 JUN 2021 14:49
entering extended mode
**./report.tex
(report.tex
LaTeX2e <2021-06-01>
L3 programming layer <2021-06-01>
(D:\Program Files\MiKTeX\tex/latex/base\article.cls
Document Class: article 2021/02/12 v1.4n Standard LaTeX document class
(D:\Program Files\MiKTeX\tex/latex/base\size10.clo
File: size10.clo 2021/02/12 v1.4n Standard LaTeX file (size option)
)
\c@part=\count178
\c@section=\count179
\c@subsection=\count180
\c@subsubsection=\count181
\c@paragraph=\count182
\c@subparagraph=\count183
\c@figure=\count184
\c@table=\count185
\abovecaptionskip=\skip47
\belowcaptionskip=\skip48
\bibindent=\dimen138
)
(D:\Program Files\MiKTeX\tex/latex/base\inputenc.sty
Package: inputenc 2021/02/14 v1.3d Input encoding file
\inpenc@prehook=\toks16
\inpenc@posthook=\toks17


Package inputenc Warning: inputenc package ignored with utf8 based engines.

) (D:\Program Files\MiKTeX\tex/latex/float\float.sty
Package: float 2001/11/08 v1.3d Float enhancements (AL)
\c@float@type=\count186
\float@exts=\toks18
\float@box=\box50
\@float@everytoks=\toks19
\@floatcapt=\box51
)
(D:\Program Files\MiKTeX\tex/latex/geometry\geometry.sty
Package: geometry 2020/01/02 v5.9 Page Geometry

(D:\Program Files\MiKTeX\tex/latex/graphics\keyval.sty
Package: keyval 2014/10/28 v1.15 key=value parser (DPC)
\KV@toks@=\toks20
)
(D:\Program Files\MiKTeX\tex/generic/iftex\ifvtex.sty
Package: ifvtex 2019/10/25 v1.7 ifvtex legacy package. Use iftex instead.

(D:\Program Files\MiKTeX\tex/generic/iftex\iftex.sty
Package: iftex 2020/03/06 v1.0d TeX engine tests
))
\Gm@cnth=\count187
\Gm@cntv=\count188
\c@Gm@tempcnt=\count189
\Gm@bindingoffset=\dimen139
\Gm@wd@mp=\dimen140
\Gm@odd@mp=\dimen141
\Gm@even@mp=\dimen142
\Gm@layoutwidth=\dimen143
\Gm@layoutheight=\dimen144
\Gm@layouthoffset=\dimen145
\Gm@layoutvoffset=\dimen146
\Gm@dimlist=\toks21

(D:\Program Files\MiKTeX\tex/latex/geometry\geometry.cfg))
(D:\Program Files\MiKTeX\tex/latex/graphics\graphicx.sty
Package: graphicx 2020/12/05 v1.2c Enhanced LaTeX Graphics (DPC,SPQR)

(D:\Program Files\MiKTeX\tex/latex/graphics\graphics.sty
Package: graphics 2021/03/04 v1.4d Standard LaTeX Graphics (DPC,SPQR)

(D:\Program Files\MiKTeX\tex/latex/graphics\trig.sty
Package: trig 2016/01/03 v1.10 sin cos tan (DPC)
)
(D:\Program Files\MiKTeX\tex/latex/graphics-cfg\graphics.cfg
File: graphics.cfg 2016/06/04 v1.11 sample graphics configuration
)
Package graphics Info: Driver file: xetex.def on input line 107.

(D:\Program Files\MiKTeX\tex/latex/graphics-def\xetex.def
File: xetex.def 2021/03/18 v5.0k Graphics/color driver for xetex
))
\Gin@req@height=\dimen147
\Gin@req@width=\dimen148
)
(D:\Program Files\MiKTeX\tex/latex/hyperref\hyperref.sty
Package: hyperref 2021-06-07 v7.00m Hypertext links for LaTeX

(D:\Program Files\MiKTeX\tex/generic/ltxcmds\ltxcmds.sty
Package: ltxcmds 2020-05-10 v1.25 LaTeX kernel commands for general use (HO)
)
(D:\Program Files\MiKTeX\tex/generic/pdftexcmds\pdftexcmds.sty
Package: pdftexcmds 2020-06-27 v0.33 Utility functions of pdfTeX for LuaTeX (HO
)

(D:\Program Files\MiKTeX\tex/generic/infwarerr\infwarerr.sty
Package: infwarerr 2019/12/03 v1.5 Providing info/warning/error messages (HO)
)
Package pdftexcmds Info: \pdf@primitive is available.
Package pdftexcmds Info: \pdf@ifprimitive is available.
Package pdftexcmds Info: \pdfdraftmode not found.
)
(D:\Program Files\MiKTeX\tex/generic/kvsetkeys\kvsetkeys.sty
Package: kvsetkeys 2019/12/15 v1.18 Key value parser (HO)
)
(D:\Program Files\MiKTeX\tex/generic/kvdefinekeys\kvdefinekeys.sty
Package: kvdefinekeys 2019-12-19 v1.6 Define keys (HO)
)
(D:\Program Files\MiKTeX\tex/generic/pdfescape\pdfescape.sty
Package: pdfescape 2019/12/09 v1.15 Implements pdfTeX's escape features (HO)
)
(D:\Program Files\MiKTeX\tex/latex/hycolor\hycolor.sty
Package: hycolor 2020-01-27 v1.10 Color options for hyperref/bookmark (HO)
)
(D:\Program Files\MiKTeX\tex/latex/letltxmacro\letltxmacro.sty
Package: letltxmacro 2019/12/03 v1.6 Let assignment for LaTeX macros (HO)
)
(D:\Program Files\MiKTeX\tex/latex/auxhook\auxhook.sty
Package: auxhook 2019-12-17 v1.6 Hooks for auxiliary files (HO)
)
(D:\Program Files\MiKTeX\tex/latex/kvoptions\kvoptions.sty
Package: kvoptions 2020-10-07 v3.14 Key value format for package options (HO)
)
\@linkdim=\dimen149
\Hy@linkcounter=\count190
\Hy@pagecounter=\count191

(D:\Program Files\MiKTeX\tex/latex/hyperref\pd1enc.def
File: pd1enc.def 2021-06-07 v7.00m Hyperref: PDFDocEncoding definition (HO)
)
(D:\Program Files\MiKTeX\tex/latex/hyperref\hyperref-langpatches.def
File: hyperref-langpatches.def 2021-06-07 v7.00m Hyperref: patches for babel la
nguages
)
(D:\Program Files\MiKTeX\tex/generic/intcalc\intcalc.sty
Package: intcalc 2019/12/15 v1.3 Expandable calculations with integers (HO)
)
(D:\Program Files\MiKTeX\tex/generic/etexcmds\etexcmds.sty
Package: etexcmds 2019/12/15 v1.7 Avoid name clashes with e-TeX commands (HO)
)
\Hy@SavedSpaceFactor=\count192

(D:\Program Files\MiKTeX\tex/latex/hyperref\puenc.def
File: puenc.def 2021-06-07 v7.00m Hyperref: PDF Unicode definition (HO)
)
Package hyperref Info: Option `bookmarks' set `true' on input line 4073.
Package hyperref Info: Hyper figures OFF on input line 4192.
Package hyperref Info: Link nesting OFF on input line 4197.
Package hyperref Info: Hyper index ON on input line 4200.
Package hyperref Info: Plain pages OFF on input line 4207.
Package hyperref Info: Backreferencing OFF on input line 4212.
Package hyperref Info: Implicit mode ON; LaTeX internals redefined.
Package hyperref Info: Bookmarks ON on input line 4445.
\c@Hy@tempcnt=\count193

(D:\Program Files\MiKTeX\tex/latex/url\url.sty
\Urlmuskip=\muskip16
Package: url 2013/09/16  ver 3.4  Verb mode for urls, etc.
)
LaTeX Info: Redefining \url on input line 4804.
\XeTeXLinkMargin=\dimen150

(D:\Program Files\MiKTeX\tex/generic/bitset\bitset.sty
Package: bitset 2019/12/09 v1.3 Handle bit-vector datatype (HO)

(D:\Program Files\MiKTeX\tex/generic/bigintcalc\bigintcalc.sty
Package: bigintcalc 2019/12/15 v1.5 Expandable calculations on big integers (HO
)
))
\Fld@menulength=\count194
\Field@Width=\dimen151
\Fld@charsize=\dimen152
Package hyperref Info: Hyper figures OFF on input line 6076.
Package hyperref Info: Link nesting OFF on input line 6081.
Package hyperref Info: Hyper index ON on input line 6084.
Package hyperref Info: backreferencing OFF on input line 6091.
Package hyperref Info: Link coloring OFF on input line 6096.
Package hyperref Info: Link coloring with OCG OFF on input line 6101.
Package hyperref Info: PDF/A mode OFF on input line 6106.
LaTeX Info: Redefining \ref on input line 6146.
LaTeX Info: Redefining \pageref on input line 6150.

(D:\Program Files\MiKTeX\tex/latex/base\atbegshi-ltx.sty
Package: atbegshi-ltx 2021/01/10 v1.0c Emulation of the original atbegshi
package with kernel methods
)
\Hy@abspage=\count195
\c@Item=\count196
\c@Hfootnote=\count197
)
Package hyperref Info: Driver (autodetected): hxetex.

(D:\Program Files\MiKTeX\tex/latex/hyperref\hxetex.def
File: hxetex.def 2021-06-07 v7.00m Hyperref driver for XeTeX

(D:\Program Files\MiKTeX\tex/generic/stringenc\stringenc.sty
Package: stringenc 2019/11/29 v1.12 Convert strings between diff. encodings (HO
)
)
\pdfm@box=\box52
\c@Hy@AnnotLevel=\count198
\HyField@AnnotCount=\count199
\Fld@listcount=\count266
\c@bookmark@seq@number=\count267

(D:\Program Files\MiKTeX\tex/latex/rerunfilecheck\rerunfilecheck.sty
Package: rerunfilecheck 2019/12/05 v1.9 Rerun checks for auxiliary files (HO)

(D:\Program Files\MiKTeX\tex/latex/base\atveryend-ltx.sty
Package: atveryend-ltx 2020/08/19 v1.0a Emulation of the original atvery packag
e
with kernel methods
)
(D:\Program Files\MiKTeX\tex/generic/uniquecounter\uniquecounter.sty
Package: uniquecounter 2019/12/15 v1.4 Provide unlimited unique counter (HO)
)
Package uniquecounter Info: New unique counter `rerunfilecheck' on input line 2
86.
)
\Hy@SectionHShift=\skip49
)
(D:\Program Files\MiKTeX\tex/latex/amsmath\amsmath.sty
Package: amsmath 2021/04/20 v2.17j AMS math features
\@mathmargin=\skip50

For additional information on amsmath, use the `?' option.
(D:\Program Files\MiKTeX\tex/latex/amsmath\amstext.sty
Package: amstext 2000/06/29 v2.01 AMS text

(D:\Program Files\MiKTeX\tex/latex/amsmath\amsgen.sty
File: amsgen.sty 1999/11/30 v2.0 generic functions
\@emptytoks=\toks22
\ex@=\dimen153
))
(D:\Program Files\MiKTeX\tex/latex/amsmath\amsbsy.sty
Package: amsbsy 1999/11/29 v1.2d Bold Symbols
\pmbraise@=\dimen154
)
(D:\Program Files\MiKTeX\tex/latex/amsmath\amsopn.sty
Package: amsopn 2016/03/08 v2.02 operator names
)
\inf@bad=\count268
LaTeX Info: Redefining \frac on input line 234.
\uproot@=\count269
\leftroot@=\count270
LaTeX Info: Redefining \overline on input line 399.
\classnum@=\count271
\DOTSCASE@=\count272
LaTeX Info: Redefining \ldots on input line 496.
LaTeX Info: Redefining \dots on input line 499.
LaTeX Info: Redefining \cdots on input line 620.
\Mathstrutbox@=\box53
\strutbox@=\box54
\big@size=\dimen155
LaTeX Font Info:    Redeclaring font encoding OML on input line 743.
LaTeX Font Info:    Redeclaring font encoding OMS on input line 744.
\macc@depth=\count273
\c@MaxMatrixCols=\count274
\dotsspace@=\muskip17
\c@parentequation=\count275
\dspbrk@lvl=\count276
\tag@help=\toks23
\row@=\count277
\column@=\count278
\maxfields@=\count279
\andhelp@=\toks24
\eqnshift@=\dimen156
\alignsep@=\dimen157
\tagshift@=\dimen158
\tagwidth@=\dimen159
\totwidth@=\dimen160
\lineht@=\dimen161
\@envbody=\toks25
\multlinegap=\skip51
\multlinetaggap=\skip52
\mathdisplay@stack=\toks26
LaTeX Info: Redefining \[ on input line 2923.
LaTeX Info: Redefining \] on input line 2924.
)
(D:\Program Files\MiKTeX\tex/latex/amsfonts\amsfonts.sty
Package: amsfonts 2013/01/14 v3.01 Basic AMSFonts support
\symAMSa=\mathgroup4
\symAMSb=\mathgroup5
LaTeX Font Info:    Redeclaring math symbol \hbar on input line 98.
LaTeX Font Info:    Overwriting math alphabet `\mathfrak' in version `bold'
(Font)                  U/euf/m/n --> U/euf/b/n on input line 106.
)
(D:\Program Files\MiKTeX\tex/latex/jknappen\mathrsfs.sty
Package: mathrsfs 1996/01/01 Math RSFS package v1.0 (jk)
\symrsfs=\mathgroup6
)
(D:\Program Files\MiKTeX\tex/latex/caption\caption.sty
Package: caption 2020/10/26 v3.5g Customizing captions (AR)

(D:\Program Files\MiKTeX\tex/latex/caption\caption3.sty
Package: caption3 2020/10/21 v2.2e caption3 kernel (AR)
\captionmargin=\dimen162
\captionmargin@=\dimen163
\captionwidth=\dimen164
\caption@tempdima=\dimen165
\caption@indent=\dimen166
\caption@parindent=\dimen167
\caption@hangindent=\dimen168
Package caption Info: Standard document class detected.
)
\c@caption@flags=\count280
\c@continuedfloat=\count281
Package caption Info: float package is loaded.
Package caption Info: hyperref package is loaded.
)
(D:\Program Files\MiKTeX\tex/latex/tools\indentfirst.sty
Package: indentfirst 1995/11/23 v1.03 Indent first paragraph (DPC)
)
(D:\Program Files\MiKTeX\tex/latex/ctex\ctex.sty
(D:\Program Files\MiKTeX\tex/latex/l3kernel\expl3.sty
Package: expl3 2021-06-01 L3 programming layer (loader) 

(D:\Program Files\MiKTeX\tex/latex/l3backend\l3backend-xetex.def
File: l3backend-xetex.def 2021-05-07 L3 backend support: XeTeX
 ()
\c__kernel_sys_dvipdfmx_version_int=\count282
\l__color_backend_stack_int=\count283
\g__color_backend_stack_int=\count284
\g__graphics_track_int=\count285
\l__pdf_internal_box=\box55
\g__pdf_backend_object_int=\count286
\g__pdf_backend_annotation_int=\count287
\g__pdf_backend_link_int=\count288
))
Package: ctex 2021/03/14 v2.5.6 Chinese adapter in LaTeX (CTEX)

(D:\Program Files\MiKTeX\tex/latex/l3packages/xparse\xparse.sty
Package: xparse 2021-06-01 L3 Experimental document command parser
)
(D:\Program Files\MiKTeX\tex/latex/l3packages/l3keys2e\l3keys2e.sty
Package: l3keys2e 2021-06-01 LaTeX2e option processing using LaTeX3 keys
)
(D:\Program Files\MiKTeX\tex/latex/ctex\ctexhook.sty
Package: ctexhook 2021/03/14 v2.5.6 Document and package hooks (CTEX)
)
(D:\Program Files\MiKTeX\tex/latex/ctex\ctexpatch.sty
Package: ctexpatch 2021/03/14 v2.5.6 Patching commands (CTEX)
)
(D:\Program Files\MiKTeX\tex/latex/base\fix-cm.sty
Package: fix-cm 2020/11/24 v1.1t fixes to LaTeX

(D:\Program Files\MiKTeX\tex/latex/base\ts1enc.def
File: ts1enc.def 2001/06/05 v3.0e (jk/car/fm) Standard LaTeX file
LaTeX Font Info:    Redeclaring font encoding TS1 on input line 47.
))
(D:\Program Files\MiKTeX\tex/latex/everysel\everysel.sty
Package: everysel 2021/01/20 v2.1 EverySelectfont Package (MS)
)
\l__ctex_tmp_int=\count289
\l__ctex_tmp_box=\box56
\l__ctex_tmp_dim=\dimen169
\g__ctex_section_depth_int=\count290
\g__ctex_font_size_int=\count291

(D:\Program Files\MiKTeX\tex/latex/ctex/config\ctexopts.cfg
File: ctexopts.cfg 2021/03/14 v2.5.6 Option configuration file (CTEX)
)
(D:\Program Files\MiKTeX\tex/latex/ctex/engine\ctex-engine-xetex.def
File: ctex-engine-xetex.def 2021/03/14 v2.5.6 XeLaTeX adapter (CTEX)

(D:\Program Files\MiKTeX\tex/xelatex/xecjk\xeCJK.sty
Package: xeCJK 2020/10/19 v3.8.6 Typesetting CJK scripts with XeLaTeX

(D:\Program Files\MiKTeX\tex/latex/l3packages/xtemplate\xtemplate.sty
Package: xtemplate 2021-06-01 L3 Experimental prototype document functions
\l__xtemplate_tmp_dim=\dimen170
\l__xtemplate_tmp_int=\count292
\l__xtemplate_tmp_muskip=\muskip18
\l__xtemplate_tmp_skip=\skip53
)
\l__xeCJK_tmp_int=\count293
\l__xeCJK_tmp_box=\box57
\l__xeCJK_tmp_dim=\dimen171
\l__xeCJK_tmp_skip=\skip54
\g__xeCJK_space_factor_int=\count294
\l__xeCJK_begin_int=\count295
\l__xeCJK_end_int=\count296
\c__xeCJK_CJK_class_int=\XeTeXcharclass1
\c__xeCJK_FullLeft_class_int=\XeTeXcharclass2
\c__xeCJK_FullRight_class_int=\XeTeXcharclass3
\c__xeCJK_HalfLeft_class_int=\XeTeXcharclass4
\c__xeCJK_HalfRight_class_int=\XeTeXcharclass5
\c__xeCJK_NormalSpace_class_int=\XeTeXcharclass6
\c__xeCJK_CM_class_int=\XeTeXcharclass7
\c__xeCJK_HangulJamo_class_int=\XeTeXcharclass8
\l__xeCJK_last_skip=\skip55
\g__xeCJK_node_int=\count297
\c__xeCJK_CJK_node_dim=\dimen172
\c__xeCJK_CJK-space_node_dim=\dimen173
\c__xeCJK_default_node_dim=\dimen174
\c__xeCJK_default-space_node_dim=\dimen175
\c__xeCJK_CJK-widow_node_dim=\dimen176
\c__xeCJK_normalspace_node_dim=\dimen177
\l__xeCJK_ccglue_skip=\skip56
\l__xeCJK_ecglue_skip=\skip57
\l__xeCJK_punct_kern_skip=\skip58
\l__xeCJK_last_penalty_int=\count298
\l__xeCJK_last_bound_dim=\dimen178
\l__xeCJK_last_kern_dim=\dimen179
\l__xeCJK_widow_penalty_int=\count299

Package xtemplate Info: Declaring object type 'xeCJK/punctuation' taking 0
(xtemplate)             argument(s) on line 2341.

\l__xeCJK_fixed_punct_width_dim=\dimen180
\l__xeCJK_mixed_punct_width_dim=\dimen181
\l__xeCJK_middle_punct_width_dim=\dimen182
\l__xeCJK_fixed_margin_width_dim=\dimen183
\l__xeCJK_mixed_margin_width_dim=\dimen184
\l__xeCJK_middle_margin_width_dim=\dimen185
\l__xeCJK_bound_punct_width_dim=\dimen186
\l__xeCJK_bound_margin_width_dim=\dimen187
\l__xeCJK_margin_minimum_dim=\dimen188
\l__xeCJK_kerning_total_width_dim=\dimen189
\l__xeCJK_same_align_margin_dim=\dimen190
\l__xeCJK_different_align_margin_dim=\dimen191
\l__xeCJK_kerning_margin_width_dim=\dimen192
\l__xeCJK_kerning_margin_minimum_dim=\dimen193
\l__xeCJK_bound_dim=\dimen194
\l__xeCJK_reverse_bound_dim=\dimen195
\l__xeCJK_margin_dim=\dimen196
\l__xeCJK_minimum_bound_dim=\dimen197
\l__xeCJK_kerning_margin_dim=\dimen198
\g__xeCJK_family_int=\count300
\l__xeCJK_fam_int=\count301
\g__xeCJK_fam_allocation_int=\count302
\l__xeCJK_verb_case_int=\count303
\l__xeCJK_verb_exspace_skip=\skip59

(D:\Program Files\MiKTeX\tex/latex/fontspec\fontspec.sty
Package: fontspec 2020/02/21 v2.7i Font selection for XeLaTeX and LuaLaTeX

(D:\Program Files\MiKTeX\tex/latex/fontspec\fontspec-xetex.sty
Package: fontspec-xetex 2020/02/21 v2.7i Font selection for XeLaTeX and LuaLaTe
X
\l__fontspec_script_int=\count304
\l__fontspec_language_int=\count305
\l__fontspec_strnum_int=\count306
\l__fontspec_tmp_int=\count307
\l__fontspec_tmpa_int=\count308
\l__fontspec_tmpb_int=\count309
\l__fontspec_tmpc_int=\count310
\l__fontspec_em_int=\count311
\l__fontspec_emdef_int=\count312
\l__fontspec_strong_int=\count313
\l__fontspec_strongdef_int=\count314
\l__fontspec_tmpa_dim=\dimen199
\l__fontspec_tmpb_dim=\dimen256
\l__fontspec_tmpc_dim=\dimen257

(D:\Program Files\MiKTeX\tex/latex/base\fontenc.sty
Package: fontenc 2021/04/29 v2.0v Standard LaTeX package
)
(D:\Program Files\MiKTeX\tex/latex/fontspec\fontspec.cfg)))
(D:\Program Files\MiKTeX\tex/xelatex/xecjk\xeCJK.cfg
File: xeCJK.cfg 2020/10/19 v3.8.6 Configuration file for xeCJK package
))
\ccwd=\dimen258
\l__ctex_ccglue_skip=\skip60
)
\l__ctex_ziju_dim=\dimen259

(D:\Program Files\MiKTeX\tex/latex/zhnumber\zhnumber.sty
Package: zhnumber 2020/05/01 v2.8 Typesetting numbers with Chinese glyphs
\l__zhnum_scale_int=\count315

(D:\Program Files\MiKTeX\tex/latex/zhnumber\zhnumber-utf8.cfg
File: zhnumber-utf8.cfg 2020/05/01 v2.8 Chinese numerals with UTF8 encoding
))
(D:\Program Files\MiKTeX\tex/latex/ctex/scheme\ctex-scheme-plain.def
File: ctex-scheme-plain.def 2021/03/14 v2.5.6 Plain scheme for generic (CTEX)
)
(D:\Program Files\MiKTeX\tex/latex/ctex/fontset\ctex-fontset-windows.def
File: ctex-fontset-windows.def 2021/03/14 v2.5.6 Windows fonts definition (CTEX
)

Package fontspec Info: Could not resolve font "KaiTi/B" (it probably doesn't
(fontspec)             exist).


Package fontspec Info: Could not resolve font "SimHei/I" (it probably doesn't
(fontspec)             exist).


Package fontspec Info: Could not resolve font "SimSun/BI" (it probably doesn't
(fontspec)             exist).


Package fontspec Info: Font family 'SimSun(0)' created for font 'SimSun' with
(fontspec)             options
(fontspec)             [Script={CJK},BoldFont={SimHei},ItalicFont={KaiTi}].
(fontspec)              
(fontspec)              This font family consists of the following NFSS
(fontspec)             series/shapes:
(fontspec)              
(fontspec)             - 'normal' (m/n) with NFSS spec.:
(fontspec)             <->"SimSun/OT:script=hani;language=dflt;"
(fontspec)             - 'small caps'  (m/sc) with NFSS spec.: 
(fontspec)             - 'bold' (b/n) with NFSS spec.:
(fontspec)             <->"SimHei/OT:script=hani;language=dflt;"
(fontspec)             - 'bold small caps'  (b/sc) with NFSS spec.: 
(fontspec)             - 'italic' (m/it) with NFSS spec.:
(fontspec)             <->"KaiTi/OT:script=hani;language=dflt;"
(fontspec)             - 'italic small caps'  (m/scit) with NFSS spec.: 

))
(D:\Program Files\MiKTeX\tex/latex/ctex/config\ctex.cfg
File: ctex.cfg 2021/03/14 v2.5.6 Configuration file (CTEX)
)
(D:\Program Files\MiKTeX\tex/latex/tools\bm.sty
Package: bm 2021/04/25 v1.2e Bold Symbol Support (DPC/FMi)
\symboldoperators=\mathgroup7
\symboldletters=\mathgroup8
\symboldsymbols=\mathgroup9
Package bm Info: No bold for \OMX/cmex/m/n, using \pmb.
Package bm Info: No bold for \U/msa/m/n, using \pmb.
Package bm Info: No bold for \U/msb/m/n, using \pmb.
Package bm Info: No bold for \U/rsfs/m/n, using \pmb.
LaTeX Font Info:    Redeclaring math alphabet \mathbf on input line 149.
)
(D:\Program Files\MiKTeX\tex/latex/oberdiek\chemarr.sty
Package: chemarr 2016/05/16 v1.3 Arrows for chemical reactions (HO)
)
(D:\Program Files\MiKTeX\tex/latex/tools\enumerate.sty
Package: enumerate 2015/07/23 v3.00 enumerate extensions (DPC)
\@enLab=\toks27
)
(D:\Program Files\MiKTeX\tex/latex/setspace\setspace.sty
Package: setspace 2011/12/19 v6.7a set line spacing
)
(D:\Program Files\MiKTeX\tex/latex/tools\array.sty
Package: array 2021/04/20 v2.5e Tabular extension package (FMi)
\col@sep=\dimen260
\ar@mcellbox=\box58
\extrarowheight=\dimen261
\NC@list=\toks28
\extratabsurround=\skip61
\backup@length=\skip62
\ar@cellbox=\box59
)
(D:\Program Files\MiKTeX\tex/latex/booktabs\booktabs.sty
Package: booktabs 2020/01/12 v1.61803398 Publication quality tables
\heavyrulewidth=\dimen262
\lightrulewidth=\dimen263
\cmidrulewidth=\dimen264
\belowrulesep=\dimen265
\belowbottomsep=\dimen266
\aboverulesep=\dimen267
\abovetopsep=\dimen268
\cmidrulesep=\dimen269
\cmidrulekern=\dimen270
\defaultaddspace=\dimen271
\@cmidla=\count316
\@cmidlb=\count317
\@aboverulesep=\dimen272
\@belowrulesep=\dimen273
\@thisruleclass=\count318
\@lastruleclass=\count319
\@thisrulewidth=\dimen274
)
(D:\Program Files\MiKTeX\tex/latex/multirow\multirow.sty
Package: multirow 2021/03/15 v2.8 Span multiple rows of a table
\multirow@colwidth=\skip63
\multirow@cntb=\count320
\multirow@dima=\skip64
\bigstrutjot=\dimen275
)
(D:\Program Files\MiKTeX\tex/latex/subfigure\subfigure.sty
Package: subfigure 2002/07/30 v2.1.4 subfigure package
\subfigtopskip=\skip65
\subfigcapskip=\skip66
\subfigcaptopadj=\dimen276
\subfigbottomskip=\skip67
\subfigcapmargin=\dimen277
\subfiglabelskip=\skip68
\c@subfigure=\count321
\c@lofdepth=\count322
\c@subtable=\count323
\c@lotdepth=\count324

****************************************
* Local config file subfigure.cfg used *
****************************************
(D:\Program Files\MiKTeX\tex/latex/subfigure\subfigure.cfg)
\subfig@top=\skip69
\subfig@bottom=\skip70
) (report.aux)
\openout1 = `report.aux'.

LaTeX Font Info:    Checking defaults for OML/cmm/m/it on input line 31.
LaTeX Font Info:    ... okay on input line 31.
LaTeX Font Info:    Checking defaults for OMS/cmsy/m/n on input line 31.
LaTeX Font Info:    ... okay on input line 31.
LaTeX Font Info:    Checking defaults for OT1/cmr/m/n on input line 31.
LaTeX Font Info:    ... okay on input line 31.
LaTeX Font Info:    Checking defaults for T1/cmr/m/n on input line 31.
LaTeX Font Info:    ... okay on input line 31.
LaTeX Font Info:    Checking defaults for TS1/cmr/m/n on input line 31.
LaTeX Font Info:    ... okay on input line 31.
LaTeX Font Info:    Checking defaults for TU/lmr/m/n on input line 31.
LaTeX Font Info:    ... okay on input line 31.
LaTeX Font Info:    Checking defaults for OMX/cmex/m/n on input line 31.
LaTeX Font Info:    ... okay on input line 31.
LaTeX Font Info:    Checking defaults for U/cmr/m/n on input line 31.
LaTeX Font Info:    ... okay on input line 31.
LaTeX Font Info:    Checking defaults for PD1/pdf/m/n on input line 31.
LaTeX Font Info:    ... okay on input line 31.
LaTeX Font Info:    Checking defaults for PU/pdf/m/n on input line 31.
LaTeX Font Info:    ... okay on input line 31.

*geometry* driver: auto-detecting
*geometry* detected driver: xetex
*geometry* verbose mode - [ preamble ] result:
* driver: xetex
* paper: a4paper
* layout: <same size as paper>
* layoutoffset:(h,v)=(0.0pt,0.0pt)
* modes: 
* h-part:(L,W,R)=(28.45274pt, 540.60239pt, 28.45274pt)
* v-part:(T,H,B)=(42.67912pt, 759.6886pt, 42.67912pt)
* \paperwidth=597.50787pt
* \paperheight=845.04684pt
* \textwidth=540.60239pt
* \textheight=759.6886pt
* \oddsidemargin=-43.81725pt
* \evensidemargin=-43.81725pt
* \topmargin=-66.59087pt
* \headheight=12.0pt
* \headsep=25.0pt
* \topskip=10.0pt
* \footskip=30.0pt
* \marginparwidth=57.0pt
* \marginparsep=11.0pt
* \columnsep=10.0pt
* \skip\footins=9.0pt plus 4.0pt minus 2.0pt
* \hoffset=0.0pt
* \voffset=0.0pt
* \mag=1000
* \@twocolumnfalse
* \@twosidefalse
* \@mparswitchfalse
* \@reversemarginfalse
* (1in=72.27pt=25.4mm, 1cm=28.453pt)

Package hyperref Info: Link coloring OFF on input line 31.
(D:\Program Files\MiKTeX\tex/latex/hyperref\nameref.sty
Package: nameref 2021-04-02 v2.47 Cross-referencing by name of section

(D:\Program Files\MiKTeX\tex/latex/refcount\refcount.sty
Package: refcount 2019/12/15 v3.6 Data extraction from label references (HO)
)
(D:\Program Files\MiKTeX\tex/generic/gettitlestring\gettitlestring.sty
Package: gettitlestring 2019/12/15 v1.6 Cleanup title references (HO)
)
\c@section@level=\count325
)
LaTeX Info: Redefining \ref on input line 31.
LaTeX Info: Redefining \pageref on input line 31.
LaTeX Info: Redefining \nameref on input line 31.

(report.out) (report.out)
\@outlinefile=\write3
\openout3 = `report.out'.

Package caption Info: Begin \AtBeginDocument code.
Package caption Info: subfigure package is loaded.
Package caption Info: End \AtBeginDocument code.


Package everysel Warning: Everysel is no longer required.,
(everysel)                The LaTeX kernel is now providing the same functional
ity itself.,
(everysel)                See the package documentation or lthooks-doc for furt
her information. .


Package fontspec Info: Adjusting the maths setup (use [no-math] to avoid
(fontspec)             this).

\symlegacymaths=\mathgroup10
LaTeX Font Info:    Overwriting symbol font `legacymaths' in version `bold'
(Font)                  OT1/cmr/m/n --> OT1/cmr/bx/n on input line 31.
LaTeX Font Info:    Redeclaring math accent \acute on input line 31.
LaTeX Font Info:    Redeclaring math accent \grave on input line 31.
LaTeX Font Info:    Redeclaring math accent \ddot on input line 31.
LaTeX Font Info:    Redeclaring math accent \tilde on input line 31.
LaTeX Font Info:    Redeclaring math accent \bar on input line 31.
LaTeX Font Info:    Redeclaring math accent \breve on input line 31.
LaTeX Font Info:    Redeclaring math accent \check on input line 31.
LaTeX Font Info:    Redeclaring math accent \hat on input line 31.
LaTeX Font Info:    Redeclaring math accent \dot on input line 31.
LaTeX Font Info:    Redeclaring math accent \mathring on input line 31.
LaTeX Font Info:    Redeclaring math symbol \Gamma on input line 31.
LaTeX Font Info:    Redeclaring math symbol \Delta on input line 31.
LaTeX Font Info:    Redeclaring math symbol \Theta on input line 31.
LaTeX Font Info:    Redeclaring math symbol \Lambda on input line 31.
LaTeX Font Info:    Redeclaring math symbol \Xi on input line 31.
LaTeX Font Info:    Redeclaring math symbol \Pi on input line 31.
LaTeX Font Info:    Redeclaring math symbol \Sigma on input line 31.
LaTeX Font Info:    Redeclaring math symbol \Upsilon on input line 31.
LaTeX Font Info:    Redeclaring math symbol \Phi on input line 31.
LaTeX Font Info:    Redeclaring math symbol \Psi on input line 31.
LaTeX Font Info:    Redeclaring math symbol \Omega on input line 31.
LaTeX Font Info:    Redeclaring math symbol \mathdollar on input line 31.
LaTeX Font Info:    Redeclaring symbol font `operators' on input line 31.
LaTeX Font Info:    Encoding `OT1' has changed to `TU' for symbol font
(Font)              `operators' in the math version `normal' on input line 31.
LaTeX Font Info:    Overwriting symbol font `operators' in version `normal'
(Font)                  OT1/cmr/m/n --> TU/lmr/m/n on input line 31.
LaTeX Font Info:    Encoding `OT1' has changed to `TU' for symbol font
(Font)              `operators' in the math version `bold' on input line 31.
LaTeX Font Info:    Overwriting symbol font `operators' in version `bold'
(Font)                  OT1/cmr/bx/n --> TU/lmr/m/n on input line 31.
LaTeX Font Info:    Overwriting symbol font `operators' in version `normal'
(Font)                  TU/lmr/m/n --> TU/lmr/m/n on input line 31.
LaTeX Font Info:    Overwriting math alphabet `\mathit' in version `normal'
(Font)                  OT1/cmr/m/it --> TU/lmr/m/it on input line 31.
LaTeX Font Info:    Overwriting math alphabet `\mathbf' in version `normal'
(Font)                  OT1/cmr/bx/n --> TU/lmr/b/n on input line 31.
LaTeX Font Info:    Overwriting math alphabet `\mathsf' in version `normal'
(Font)                  OT1/cmss/m/n --> TU/lmss/m/n on input line 31.
LaTeX Font Info:    Overwriting math alphabet `\mathtt' in version `normal'
(Font)                  OT1/cmtt/m/n --> TU/lmtt/m/n on input line 31.
LaTeX Font Info:    Overwriting symbol font `operators' in version `bold'
(Font)                  TU/lmr/m/n --> TU/lmr/b/n on input line 31.
LaTeX Font Info:    Overwriting math alphabet `\mathit' in version `bold'
(Font)                  OT1/cmr/bx/it --> TU/lmr/b/it on input line 31.
LaTeX Font Info:    Overwriting math alphabet `\mathsf' in version `bold'
(Font)                  OT1/cmss/bx/n --> TU/lmss/b/n on input line 31.
LaTeX Font Info:    Overwriting math alphabet `\mathtt' in version `bold'
(Font)                  OT1/cmtt/m/n --> TU/lmtt/b/n on input line 31.
LaTeX Font Info:    Trying to load font information for U+msa on input line 45.

(D:\Program Files\MiKTeX\tex/latex/amsfonts\umsa.fd
File: umsa.fd 2013/01/14 v3.01 AMS symbols A
)
LaTeX Font Info:    Trying to load font information for U+msb on input line 45.


(D:\Program Files\MiKTeX\tex/latex/amsfonts\umsb.fd
File: umsb.fd 2013/01/14 v3.01 AMS symbols B
)
LaTeX Font Info:    Trying to load font information for U+rsfs on input line 45
.

(D:\Program Files\MiKTeX\tex/latex/jknappen\ursfs.fd
File: ursfs.fd 1998/03/24 rsfs font definition file (jk)
) [1

] (report.toc)
\tf@toc=\write4
\openout4 = `report.toc'.

 [2

]
File: figures/1.png Graphic file (type bmp)
<figures/1.png>

Underfull \hbox (badness 10000) in paragraph at lines 71--76

 []

File: figures/9.jpg Graphic file (type bmp)
<figures/9.jpg>
File: figures/2.png Graphic file (type bmp)
<figures/2.png>

Underfull \hbox (badness 10000) in paragraph at lines 86--91

 []


Underfull \hbox (badness 10000) in paragraph at lines 93--94

 []

File: figures/2x2_1.png Graphic file (type bmp)
<figures/2x2_1.png>
File: figures/2x2_2.png Graphic file (type bmp)
<figures/2x2_2.png>
File: figures/2x2_3.png Graphic file (type bmp)
<figures/2x2_3.png>
File: figures/2x2_4.png Graphic file (type bmp)
<figures/2x2_4.png>

Overfull \hbox (19.97998pt too wide) in paragraph at lines 103--125
 [][][][][][][][][][][][] 
 []


Underfull \hbox (badness 10000) in paragraph at lines 127--128

 []

[3

]
Underfull \hbox (badness 10000) in paragraph at lines 136--137

 []

File: figures/3.jpg Graphic file (type bmp)
<figures/3.jpg>
File: figures/4.png Graphic file (type bmp)
<figures/4.png>

Underfull \hbox (badness 10000) in paragraph at lines 138--151

 []


Underfull \hbox (badness 10000) in paragraph at lines 153--154

 []

[4] [5]
Underfull \hbox (badness 10000) in paragraph at lines 163--164

 []


Underfull \hbox (badness 10000) in paragraph at lines 165--166

 []


Underfull \hbox (badness 10000) in paragraph at lines 170--171

 []


Underfull \hbox (badness 10000) in paragraph at lines 179--180

 []


Underfull \hbox (badness 10000) in paragraph at lines 181--182

 []

[6

]
Underfull \hbox (badness 10000) in paragraph at lines 183--184

 []


Underfull \hbox (badness 10000) in paragraph at lines 191--192

 []


Underfull \hbox (badness 10000) in paragraph at lines 194--195

 []

[7]
Underfull \hbox (badness 10000) in paragraph at lines 201--202

 []


Package fontspec Info: Could not resolve font "FangSong/BI" (it probably
(fontspec)             doesn't exist).


Package fontspec Info: Could not resolve font "FangSong/B" (it probably
(fontspec)             doesn't exist).


Package fontspec Info: Could not resolve font "FangSong/I" (it probably
(fontspec)             doesn't exist).


Package fontspec Info: Font family 'FangSong(0)' created for font 'FangSong'
(fontspec)             with options [Script={CJK}].
(fontspec)              
(fontspec)              This font family consists of the following NFSS
(fontspec)             series/shapes:
(fontspec)              
(fontspec)             - 'normal' (m/n) with NFSS spec.:
(fontspec)             <->"FangSong/OT:script=hani;language=dflt;"
(fontspec)             - 'small caps'  (m/sc) with NFSS spec.: 


Underfull \hbox (badness 10000) in paragraph at lines 210--211
[]\TU/SimSun(0)/m/n/10 奶 头 乐 理 论 \TU/lmr/m/n/10 - \TU/SimSun(0)/m/n/10 百 度 百 科，
| []$[][][][][] [] [] [] [][][][][] [] [][][][][] [] [][][] [] [][][][] [] [][]
[] [] [][] [] [][] [] [][] [] [][] [] [][] [] [][] [] [][] [] [][] [] [][] [] [
][] [] [][] [] [][] [] [][] [] [][] []
 []


Underfull \hbox (badness 10000) in paragraph at lines 214--215

 []

[8

] (report.aux)

Package rerunfilecheck Warning: File `report.out' has changed.
(rerunfilecheck)                Rerun to get outlines right
(rerunfilecheck)                or use package `bookmark'.

Package rerunfilecheck Info: Checksums for `report.out':
(rerunfilecheck)             Before: 1F4B526F8C94839FE19F234B2D93F7AA;2579
(rerunfilecheck)             After:  F615C0FEBBF91CDD217452CA4E48B6C8;2639.
 ) 
Here is how much of TeX's memory you used:
 16388 strings out of 411271
 342528 string characters out of 2833087
 733773 words of memory out of 3000000
 36563 multiletter control sequences out of 15000+600000
 411635 words of font info for 91 fonts, out of 8000000 for 9000
 1348 hyphenation exceptions out of 8191
 90i,8n,97p,987b,465s stack positions out of 5000i,500n,10000p,200000b,80000s

Output written on report.pdf (8 pages).
